<?xml version="1.0" encoding="UTF-8"?>
<!-- Generated by org.testng.reporters.JUnitXMLReporter -->
<testsuite ignored="2" hostname="DESKTOP-J3AH9DU" failures="0" tests="1" name="Default test" time="16.44" errors="0" timestamp="2026-06-30T14:38:41 WAT">
  <testcase classname="testCases.AccountOverviewTest" name="createSavingsAccount" time="7.03"/>
  <testcase classname="testCases.AccountOverviewTest" name="viewAccountOverview" time="0.0">
    <ignored/>
  </testcase> <!-- viewAccountOverview -->
  <testcase classname="testCases.AccountOverviewTest" name="createCheckingAccount" time="0.0">
    <ignored/>
  </testcase> <!-- createCheckingAccount -->
</testsuite> <!-- Default test -->
