<?xml version="1.0" encoding="UTF-8"?>
<!-- Generated by org.testng.reporters.JUnitXMLReporter -->
<testsuite ignored="4" hostname="DESKTOP-J3AH9DU" failures="0" tests="1" name="Default test" time="10.536" errors="0" timestamp="2026-06-30T21:31:35 WAT">
  <testcase classname="testCases.AccountOverviewTest" name="viewAccountBalance" time="2.914"/>
  <testcase classname="testCases.AccountOverviewTest" name="viewAccountOverview" time="0.0">
    <ignored/>
  </testcase> <!-- viewAccountOverview -->
  <testcase classname="testCases.AccountOverviewTest" name="createSavingsAccount" time="0.0">
    <ignored/>
  </testcase> <!-- createSavingsAccount -->
  <testcase classname="testCases.AccountOverviewTest" name="createCheckingAccount" time="0.0">
    <ignored/>
  </testcase> <!-- createCheckingAccount -->
  <testcase classname="testCases.AccountOverviewTest" name="viewAccountActivity" time="0.0">
    <ignored/>
  </testcase> <!-- viewAccountActivity -->
</testsuite> <!-- Default test -->
