<?xml version="1.0" encoding="UTF-8"?>
<testng-results ignored="2" total="3" passed="1" failed="0" skipped="0">
  <reporter-output>
  </reporter-output>
  <suite started-at="2026-06-30T14:38:24 WAT" name="Default suite" finished-at="2026-06-30T14:38:41 WAT" duration-ms="16440">
    <groups>
    </groups>
    <test started-at="2026-06-30T14:38:24 WAT" name="Default test" finished-at="2026-06-30T14:38:41 WAT" duration-ms="16440">
      <class name="testCases.AccountOverviewTest">
        <test-method is-config="true" signature="setup()[pri:0, instance:testCases.AccountOverviewTest@6aa8e115]" started-at="2026-06-30T14:38:24 WAT" name="setup" finished-at="2026-06-30T14:38:33 WAT" duration-ms="9029" status="PASS">
          <reporter-output>
          </reporter-output>
        </test-method> <!-- setup -->
        <test-method signature="createSavingsAccount()[pri:3, instance:testCases.AccountOverviewTest@6aa8e115]" started-at="2026-06-30T14:38:33 WAT" name="createSavingsAccount" description="TC_Acct_003 - Open a New Saving Account" finished-at="2026-06-30T14:38:40 WAT" duration-ms="7030" status="PASS">
          <reporter-output>
          </reporter-output>
        </test-method> <!-- createSavingsAccount -->
        <test-method is-config="true" signature="teardown()[pri:0, instance:testCases.AccountOverviewTest@6aa8e115]" started-at="2026-06-30T14:38:40 WAT" name="teardown" finished-at="2026-06-30T14:38:41 WAT" duration-ms="291" status="PASS">
          <reporter-output>
          </reporter-output>
        </test-method> <!-- teardown -->
      </class> <!-- testCases.AccountOverviewTest -->
    </test> <!-- Default test -->
  </suite> <!-- Default suite -->
</testng-results>
