<?xml version="1.0" encoding="UTF-8"?>
<!-- Generated by org.testng.reporters.JUnitReportReporter -->
<testsuite hostname="DESKTOP-J3AH9DU" failures="0" tests="4" name="testCases.RegisterTest" time="28.351" errors="0" timestamp="2026-06-29T12:01:29 WAT" skipped="0">
  <testcase classname="testCases.RegisterTest" name="successfulUserRegistration" time="10.484"/>
  <testcase classname="testCases.RegisterTest" name="registrationWithExistingUsername" time="6.966"/>
  <testcase classname="testCases.RegisterTest" name="registrationWithMismatchedPassword" time="5.437"/>
  <testcase classname="testCases.RegisterTest" name="registrationWithEmptyFields" time="5.464"/>
</testsuite> <!-- testCases.RegisterTest -->
